[01:08:49] [main/INFO]: Setting user: Player156
[01:08:53] [Client thread/INFO]: LWJGL Version: 2.9.1
[01:09:04] [Client thread/INFO]: Reloading ResourceManager: Default, FMLFileResourcePack:Forge Mod Loader, FMLFileResourcePack:Minecraft Forge, FMLFileResourcePack:Not Enough Items, FMLFileResourcePack:Avaritia, FMLFileResourcePack:MineTweaker 3, FMLFileResourcePack:§9MrCrayfish's Furniture Mod, FMLFileResourcePack:Storage Drawers, FMLFileResourcePack:Plus Mod
[01:09:06] [Sound Library Loader/INFO]: Sound engine started
[01:09:09] [Client thread/INFO]: Created: 16x16 textures/blocks-atlas
[01:09:09] [Client thread/INFO]: Created: 16x16 textures/items-atlas
[01:09:10] [Client thread/INFO]: Reloading ResourceManager: Default, FMLFileResourcePack:Forge Mod Loader, FMLFileResourcePack:Minecraft Forge, FMLFileResourcePack:Not Enough Items, FMLFileResourcePack:Avaritia, FMLFileResourcePack:MineTweaker 3, FMLFileResourcePack:§9MrCrayfish's Furniture Mod, FMLFileResourcePack:Storage Drawers, FMLFileResourcePack:Plus Mod
[01:09:11] [Client thread/INFO]: Created: 512x512 textures/blocks-atlas
[01:09:11] [Client thread/INFO]: Created: 512x256 textures/items-atlas
[01:09:12] [Sound Library Loader/INFO]: Sound engine started
[01:09:21] [Server thread/INFO]: Starting integrated minecraft server version 1.7.10
[01:09:21] [Server thread/INFO]: Generating keypair
[01:09:22] [Server thread/INFO]: Preparing start region for level 0
[01:09:23] [Server thread/INFO]: Changing view distance to 4, from 10
[01:09:23] [Server thread/INFO]: Player156[local:E:76a20b97] logged in with entity id 156 at (-192.43359680947464, 65.11938815776115, 205.41262527540346)
[01:09:23] [Server thread/INFO]: Player156 entrou no jogo
[01:09:24] [Server thread/INFO]: Player156 adquiriu a conquista [You've been installed!]
[01:09:24] [Server thread/INFO]: Saving and pausing game...
[01:09:24] [Server thread/INFO]: Saving chunks for level 'yare yare dawa'/Overworld
[01:09:25] [Server thread/INFO]: Saving chunks for level 'yare yare dawa'/Nether
[01:09:25] [Server thread/INFO]: Saving chunks for level 'yare yare dawa'/The End
[01:09:27] [Client thread/INFO]: [CHAT] Player156 adquiriu a conquista [You've been installed!]
[01:09:27] [Client thread/INFO]: [CHAT] §bThank you for downloading MrCrayfish's Furniture Mod.
[01:09:27] [Client thread/INFO]: [CHAT] Make sure you check out the wiki! http://mrcrayfishs-furniture-mod.wikia.com/
[01:09:27] [Client thread/INFO]: [CHAT] Version 1.0.7.48 of CodeChickenCore is available
[01:09:27] [Client thread/INFO]: [CHAT] Version 1.0.5.120 of NotEnoughItems is available
[01:09:29] [Client thread/ERROR]: ########## GL ERROR ##########
[01:09:29] [Client thread/ERROR]: @ Post render
[01:09:29] [Client thread/ERROR]: 1280: Invalid enum
[01:09:29] [Client thread/ERROR]: ########## GL ERROR ##########
[01:09:29] [Client thread/ERROR]: @ Post render
[01:09:29] [Client thread/ERROR]: 1280: Invalid enum
[01:09:29] [Client thread/ERROR]: ########## GL ERROR ##########
[01:09:29] [Client thread/ERROR]: @ Post render
[01:09:29] [Client thread/ERROR]: 1280: Invalid enum
[01:09:29] [Client thread/ERROR]: ########## GL ERROR ##########
[01:09:29] [Client thread/ERROR]: @ Post render
[01:09:29] [Client thread/ERROR]: 1280: Invalid enum
[01:09:29] [Client thread/ERROR]: ########## GL ERROR ##########
[01:09:29] [Client thread/ERROR]: @ Post render
[01:09:29] [Client thread/ERROR]: 1280: Invalid enum
[01:09:29] [Client thread/ERROR]: ########## GL ERROR ##########
[01:09:29] [Client thread/ERROR]: @ Post render
[01:09:29] [Client thread/ERROR]: 1280: Invalid enum
[01:09:29] [Client thread/ERROR]: ########## GL ERROR ##########
[01:09:29] [Client thread/ERROR]: @ Post render
[01:09:29] [Client thread/ERROR]: 1280: Invalid enum
[01:09:29] [Client thread/ERROR]: ########## GL ERROR ##########
[01:09:29] [Client thread/ERROR]: @ Post render
[01:09:29] [Client thread/ERROR]: 1280: Invalid enum
[01:09:29] [Client thread/ERROR]: ########## GL ERROR ##########
[01:09:29] [Client thread/ERROR]: @ Post render
[01:09:29] [Client thread/ERROR]: 1280: Invalid enum
[01:09:29] [Client thread/ERROR]: ########## GL ERROR ##########
[01:09:29] [Client thread/ERROR]: @ Post render
[01:09:29] [Client thread/ERROR]: 1280: Invalid enum
[01:09:29] [Client thread/ERROR]: ########## GL ERROR ##########
[01:09:29] [Client thread/ERROR]: @ Post render
[01:09:29] [Client thread/ERROR]: 1280: Invalid enum
[01:09:30] [Client thread/ERROR]: ########## GL ERROR ##########
[01:09:30] [Client thread/ERROR]: @ Post render
[01:09:30] [Client thread/ERROR]: 1280: Invalid enum
[01:09:30] [Client thread/ERROR]: ########## GL ERROR ##########
[01:09:30] [Client thread/ERROR]: @ Post render
[01:09:30] [Client thread/ERROR]: 1280: Invalid enum
[01:09:30] [Client thread/ERROR]: ########## GL ERROR ##########
[01:09:30] [Client thread/ERROR]: @ Post render
[01:09:30] [Client thread/ERROR]: 1280: Invalid enum
[01:09:30] [Client thread/ERROR]: ########## GL ERROR ##########
[01:09:30] [Client thread/ERROR]: @ Post render
[01:09:30] [Client thread/ERROR]: 1280: Invalid enum
[01:09:30] [Client thread/ERROR]: ########## GL ERROR ##########
[01:09:30] [Client thread/ERROR]: @ Post render
[01:09:30] [Client thread/ERROR]: 1280: Invalid enum
[01:09:30] [Client thread/ERROR]: ########## GL ERROR ##########
[01:09:30] [Client thread/ERROR]: @ Post render
[01:09:30] [Client thread/ERROR]: 1280: Invalid enum
[01:09:30] [Client thread/ERROR]: ########## GL ERROR ##########
[01:09:30] [Client thread/ERROR]: @ Post render
[01:09:30] [Client thread/ERROR]: 1280: Invalid enum
[01:09:30] [Client thread/ERROR]: ########## GL ERROR ##########
[01:09:30] [Client thread/ERROR]: @ Post render
[01:09:30] [Client thread/ERROR]: 1280: Invalid enum
[01:09:30] [Client thread/ERROR]: ########## GL ERROR ##########
[01:09:30] [Client thread/ERROR]: @ Post render
[01:09:30] [Client thread/ERROR]: 1280: Invalid enum
[01:09:30] [Client thread/ERROR]: ########## GL ERROR ##########
[01:09:30] [Client thread/ERROR]: @ Post render
[01:09:30] [Client thread/ERROR]: 1280: Invalid enum
[01:09:30] [Client thread/ERROR]: ########## GL ERROR ##########
[01:09:30] [Client thread/ERROR]: @ Post render
[01:09:30] [Client thread/ERROR]: 1280: Invalid enum
[01:09:30] [Client thread/ERROR]: ########## GL ERROR ##########
[01:09:30] [Client thread/ERROR]: @ Post render
[01:09:30] [Client thread/ERROR]: 1280: Invalid enum
[01:09:30] [Client thread/ERROR]: ########## GL ERROR ##########
[01:09:30] [Client thread/ERROR]: @ Post render
[01:09:30] [Client thread/ERROR]: 1280: Invalid enum
[01:09:30] [Client thread/ERROR]: ########## GL ERROR ##########
[01:09:30] [Client thread/ERROR]: @ Post render
[01:09:30] [Client thread/ERROR]: 1280: Invalid enum
[01:09:30] [Client thread/ERROR]: ########## GL ERROR ##########
[01:09:30] [Client thread/ERROR]: @ Post render
[01:09:30] [Client thread/ERROR]: 1280: Invalid enum
[01:09:30] [Client thread/ERROR]: ########## GL ERROR ##########
[01:09:30] [Client thread/ERROR]: @ Post render
[01:09:30] [Client thread/ERROR]: 1280: Invalid enum
[01:09:30] [Client thread/ERROR]: ########## GL ERROR ##########
[01:09:30] [Client thread/ERROR]: @ Post render
[01:09:30] [Client thread/ERROR]: 1280: Invalid enum
[01:09:31] [Client thread/ERROR]: ########## GL ERROR ##########
[01:09:31] [Client thread/ERROR]: @ Post render
[01:09:31] [Client thread/ERROR]: 1280: Invalid enum
[01:09:31] [Client thread/ERROR]: ########## GL ERROR ##########
[01:09:31] [Client thread/ERROR]: @ Post render
[01:09:31] [Client thread/ERROR]: 1280: Invalid enum
[01:09:31] [Client thread/ERROR]: ########## GL ERROR ##########
[01:09:31] [Client thread/ERROR]: @ Post render
[01:09:31] [Client thread/ERROR]: 1280: Invalid enum
[01:09:31] [Client thread/ERROR]: ########## GL ERROR ##########
[01:09:31] [Client thread/ERROR]: @ Post render
[01:09:31] [Client thread/ERROR]: 1280: Invalid enum
[01:09:31] [Client thread/ERROR]: ########## GL ERROR ##########
[01:09:31] [Client thread/ERROR]: @ Post render
[01:09:31] [Client thread/ERROR]: 1280: Invalid enum
[01:09:31] [Client thread/ERROR]: ########## GL ERROR ##########
[01:09:31] [Client thread/ERROR]: @ Post render
[01:09:31] [Client thread/ERROR]: 1280: Invalid enum
[01:09:31] [Client thread/ERROR]: ########## GL ERROR ##########
[01:09:31] [Client thread/ERROR]: @ Post render
[01:09:31] [Client thread/ERROR]: 1280: Invalid enum
[01:09:31] [Client thread/ERROR]: ########## GL ERROR ##########
[01:09:31] [Client thread/ERROR]: @ Post render
[01:09:31] [Client thread/ERROR]: 1280: Invalid enum
[01:09:31] [Client thread/ERROR]: ########## GL ERROR ##########
[01:09:31] [Client thread/ERROR]: @ Post render
[01:09:31] [Client thread/ERROR]: 1280: Invalid enum
[01:09:31] [Client thread/ERROR]: ########## GL ERROR ##########
[01:09:31] [Client thread/ERROR]: @ Post render
[01:09:31] [Client thread/ERROR]: 1280: Invalid enum
[01:09:31] [Client thread/ERROR]: ########## GL ERROR ##########
[01:09:31] [Client thread/ERROR]: @ Post render
[01:09:31] [Client thread/ERROR]: 1280: Invalid enum
[01:09:31] [Client thread/ERROR]: ########## GL ERROR ##########
[01:09:31] [Client thread/ERROR]: @ Post render
[01:09:31] [Client thread/ERROR]: 1280: Invalid enum
[01:09:31] [Client thread/ERROR]: ########## GL ERROR ##########
[01:09:31] [Client thread/ERROR]: @ Post render
[01:09:31] [Client thread/ERROR]: 1280: Invalid enum
[01:09:31] [Client thread/ERROR]: ########## GL ERROR ##########
[01:09:31] [Client thread/ERROR]: @ Post render
[01:09:31] [Client thread/ERROR]: 1280: Invalid enum
[01:09:31] [Client thread/ERROR]: ########## GL ERROR ##########
[01:09:31] [Client thread/ERROR]: @ Post render
[01:09:31] [Client thread/ERROR]: 1280: Invalid enum
[01:09:31] [Client thread/ERROR]: ########## GL ERROR ##########
[01:09:31] [Client thread/ERROR]: @ Post render
[01:09:31] [Client thread/ERROR]: 1280: Invalid enum
[01:09:32] [Client thread/ERROR]: ########## GL ERROR ##########
[01:09:32] [Client thread/ERROR]: @ Post render
[01:09:32] [Client thread/ERROR]: 1280: Invalid enum
[01:09:32] [Client thread/ERROR]: ########## GL ERROR ##########
[01:09:32] [Client thread/ERROR]: @ Post render
[01:09:32] [Client thread/ERROR]: 1280: Invalid enum
[01:09:32] [Client thread/ERROR]: ########## GL ERROR ##########
[01:09:32] [Client thread/ERROR]: @ Post render
[01:09:32] [Client thread/ERROR]: 1280: Invalid enum
[01:09:32] [Client thread/ERROR]: ########## GL ERROR ##########
[01:09:32] [Client thread/ERROR]: @ Post render
[01:09:32] [Client thread/ERROR]: 1280: Invalid enum
[01:09:32] [Client thread/ERROR]: ########## GL ERROR ##########
[01:09:32] [Client thread/ERROR]: @ Post render
[01:09:32] [Client thread/ERROR]: 1280: Invalid enum
[01:09:32] [Client thread/ERROR]: ########## GL ERROR ##########
[01:09:32] [Client thread/ERROR]: @ Post render
[01:09:32] [Client thread/ERROR]: 1280: Invalid enum
[01:09:32] [Client thread/ERROR]: ########## GL ERROR ##########
[01:09:32] [Client thread/ERROR]: @ Post render
[01:09:32] [Client thread/ERROR]: 1280: Invalid enum
[01:09:32] [Client thread/ERROR]: ########## GL ERROR ##########
[01:09:32] [Client thread/ERROR]: @ Post render
[01:09:32] [Client thread/ERROR]: 1280: Invalid enum
[01:09:32] [Client thread/ERROR]: ########## GL ERROR ##########
[01:09:32] [Client thread/ERROR]: @ Post render
[01:09:32] [Client thread/ERROR]: 1280: Invalid enum
[01:09:32] [Client thread/ERROR]: ########## GL ERROR ##########
[01:09:32] [Client thread/ERROR]: @ Post render
[01:09:32] [Client thread/ERROR]: 1280: Invalid enum
[01:09:32] [Client thread/ERROR]: ########## GL ERROR ##########
[01:09:32] [Client thread/ERROR]: @ Post render
[01:09:32] [Client thread/ERROR]: 1280: Invalid enum
[01:09:32] [Client thread/ERROR]: ########## GL ERROR ##########
[01:09:32] [Client thread/ERROR]: @ Post render
[01:09:32] [Client thread/ERROR]: 1280: Invalid enum
[01:09:32] [Client thread/ERROR]: ########## GL ERROR ##########
[01:09:32] [Client thread/ERROR]: @ Post render
[01:09:32] [Client thread/ERROR]: 1280: Invalid enum
[01:09:32] [Client thread/ERROR]: ########## GL ERROR ##########
[01:09:32] [Client thread/ERROR]: @ Post render
[01:09:32] [Client thread/ERROR]: 1280: Invalid enum
[01:09:32] [Client thread/ERROR]: ########## GL ERROR ##########
[01:09:32] [Client thread/ERROR]: @ Post render
[01:09:32] [Client thread/ERROR]: 1280: Invalid enum
[01:09:32] [Client thread/ERROR]: ########## GL ERROR ##########
[01:09:32] [Client thread/ERROR]: @ Post render
[01:09:32] [Client thread/ERROR]: 1280: Invalid enum
[01:09:32] [Client thread/ERROR]: ########## GL ERROR ##########
[01:09:32] [Client thread/ERROR]: @ Post render
[01:09:32] [Client thread/ERROR]: 1280: Invalid enum
[01:09:32] [Client thread/ERROR]: ########## GL ERROR ##########
[01:09:32] [Client thread/ERROR]: @ Post render
[01:09:32] [Client thread/ERROR]: 1280: Invalid enum
[01:09:32] [Client thread/ERROR]: ########## GL ERROR ##########
[01:09:32] [Client thread/ERROR]: @ Post render
[01:09:32] [Client thread/ERROR]: 1280: Invalid enum
[01:09:33] [Client thread/ERROR]: ########## GL ERROR ##########
[01:09:33] [Client thread/ERROR]: @ Post render
[01:09:33] [Client thread/ERROR]: 1280: Invalid enum
[01:09:33] [Client thread/ERROR]: ########## GL ERROR ##########
[01:09:33] [Client thread/ERROR]: @ Post render
[01:09:33] [Client thread/ERROR]: 1280: Invalid enum
[01:09:33] [Client thread/ERROR]: ########## GL ERROR ##########
[01:09:33] [Client thread/ERROR]: @ Post render
[01:09:33] [Client thread/ERROR]: 1280: Invalid enum
[01:09:33] [Client thread/ERROR]: ########## GL ERROR ##########
[01:09:33] [Client thread/ERROR]: @ Post render
[01:09:33] [Client thread/ERROR]: 1280: Invalid enum
[01:09:33] [Client thread/ERROR]: ########## GL ERROR ##########
[01:09:33] [Client thread/ERROR]: @ Post render
[01:09:33] [Client thread/ERROR]: 1280: Invalid enum
[01:09:33] [Client thread/ERROR]: ########## GL ERROR ##########
[01:09:33] [Client thread/ERROR]: @ Post render
[01:09:33] [Client thread/ERROR]: 1280: Invalid enum
[01:09:33] [Client thread/ERROR]: ########## GL ERROR ##########
[01:09:33] [Client thread/ERROR]: @ Post render
[01:09:33] [Client thread/ERROR]: 1280: Invalid enum
[01:09:33] [Client thread/ERROR]: ########## GL ERROR ##########
[01:09:33] [Client thread/ERROR]: @ Post render
[01:09:33] [Client thread/ERROR]: 1280: Invalid enum
[01:09:33] [Client thread/ERROR]: ########## GL ERROR ##########
[01:09:33] [Client thread/ERROR]: @ Post render
[01:09:33] [Client thread/ERROR]: 1280: Invalid enum
[01:09:33] [Client thread/ERROR]: ########## GL ERROR ##########
[01:09:33] [Client thread/ERROR]: @ Post render
[01:09:33] [Client thread/ERROR]: 1280: Invalid enum
[01:09:33] [Client thread/ERROR]: ########## GL ERROR ##########
[01:09:33] [Client thread/ERROR]: @ Post render
[01:09:33] [Client thread/ERROR]: 1280: Invalid enum
[01:09:33] [Client thread/ERROR]: ########## GL ERROR ##########
[01:09:33] [Client thread/ERROR]: @ Post render
[01:09:33] [Client thread/ERROR]: 1280: Invalid enum
[01:09:33] [Client thread/ERROR]: ########## GL ERROR ##########
[01:09:33] [Client thread/ERROR]: @ Post render
[01:09:33] [Client thread/ERROR]: 1280: Invalid enum
[01:09:33] [Client thread/ERROR]: ########## GL ERROR ##########
[01:09:33] [Client thread/ERROR]: @ Post render
[01:09:33] [Client thread/ERROR]: 1280: Invalid enum
[01:09:33] [Client thread/ERROR]: ########## GL ERROR ##########
[01:09:33] [Client thread/ERROR]: @ Post render
[01:09:33] [Client thread/ERROR]: 1280: Invalid enum
[01:09:33] [Client thread/ERROR]: ########## GL ERROR ##########
[01:09:33] [Client thread/ERROR]: @ Post render
[01:09:33] [Client thread/ERROR]: 1280: Invalid enum
[01:09:33] [Client thread/ERROR]: ########## GL ERROR ##########
[01:09:33] [Client thread/ERROR]: @ Post render
[01:09:33] [Client thread/ERROR]: 1280: Invalid enum
[01:09:33] [Client thread/ERROR]: ########## GL ERROR ##########
[01:09:33] [Client thread/ERROR]: @ Post render
[01:09:33] [Client thread/ERROR]: 1280: Invalid enum
[01:09:33] [Client thread/ERROR]: ########## GL ERROR ##########
[01:09:33] [Client thread/ERROR]: @ Post render
[01:09:33] [Client thread/ERROR]: 1280: Invalid enum
[01:09:33] [Client thread/ERROR]: ########## GL ERROR ##########
[01:09:33] [Client thread/ERROR]: @ Post render
[01:09:33] [Client thread/ERROR]: 1280: Invalid enum
[01:09:33] [Client thread/ERROR]: ########## GL ERROR ##########
[01:09:33] [Client thread/ERROR]: @ Post render
[01:09:33] [Client thread/ERROR]: 1280: Invalid enum
[01:09:33] [Client thread/ERROR]: ########## GL ERROR ##########
[01:09:33] [Client thread/ERROR]: @ Post render
[01:09:33] [Client thread/ERROR]: 1280: Invalid enum
[01:09:34] [Client thread/ERROR]: ########## GL ERROR ##########
[01:09:34] [Client thread/ERROR]: @ Post render
[01:09:34] [Client thread/ERROR]: 1280: Invalid enum
[01:09:34] [Client thread/ERROR]: ########## GL ERROR ##########
[01:09:34] [Client thread/ERROR]: @ Post render
[01:09:34] [Client thread/ERROR]: 1280: Invalid enum
[01:09:34] [Client thread/ERROR]: ########## GL ERROR ##########
[01:09:34] [Client thread/ERROR]: @ Post render
[01:09:34] [Client thread/ERROR]: 1280: Invalid enum
[01:09:34] [Client thread/ERROR]: ########## GL ERROR ##########
[01:09:34] [Client thread/ERROR]: @ Post render
[01:09:34] [Client thread/ERROR]: 1280: Invalid enum
[01:09:34] [Client thread/ERROR]: ########## GL ERROR ##########
[01:09:34] [Client thread/ERROR]: @ Post render
[01:09:34] [Client thread/ERROR]: 1280: Invalid enum
[01:09:34] [Client thread/ERROR]: ########## GL ERROR ##########
[01:09:34] [Client thread/ERROR]: @ Post render
[01:09:34] [Client thread/ERROR]: 1280: Invalid enum
[01:09:34] [Client thread/ERROR]: ########## GL ERROR ##########
[01:09:34] [Client thread/ERROR]: @ Post render
[01:09:34] [Client thread/ERROR]: 1280: Invalid enum
[01:09:34] [Client thread/ERROR]: ########## GL ERROR ##########
[01:09:34] [Client thread/ERROR]: @ Post render
[01:09:34] [Client thread/ERROR]: 1280: Invalid enum
[01:09:34] [Client thread/ERROR]: ########## GL ERROR ##########
[01:09:34] [Client thread/ERROR]: @ Post render
[01:09:34] [Client thread/ERROR]: 1280: Invalid enum
[01:09:34] [Client thread/ERROR]: ########## GL ERROR ##########
[01:09:34] [Client thread/ERROR]: @ Post render
[01:09:34] [Client thread/ERROR]: 1280: Invalid enum
[01:09:34] [Client thread/ERROR]: ########## GL ERROR ##########
[01:09:34] [Client thread/ERROR]: @ Post render
[01:09:34] [Client thread/ERROR]: 1280: Invalid enum
[01:09:34] [Client thread/ERROR]: ########## GL ERROR ##########
[01:09:34] [Client thread/ERROR]: @ Post render
[01:09:34] [Client thread/ERROR]: 1280: Invalid enum
[01:09:34] [Client thread/ERROR]: ########## GL ERROR ##########
[01:09:34] [Client thread/ERROR]: @ Post render
[01:09:34] [Client thread/ERROR]: 1280: Invalid enum
[01:09:34] [Client thread/ERROR]: ########## GL ERROR ##########
[01:09:34] [Client thread/ERROR]: @ Post render
[01:09:34] [Client thread/ERROR]: 1280: Invalid enum
[01:09:34] [Client thread/ERROR]: ########## GL ERROR ##########
[01:09:34] [Client thread/ERROR]: @ Post render
[01:09:34] [Client thread/ERROR]: 1280: Invalid enum
[01:09:34] [Client thread/ERROR]: ########## GL ERROR ##########
[01:09:34] [Client thread/ERROR]: @ Post render
[01:09:34] [Client thread/ERROR]: 1280: Invalid enum
[01:09:34] [Client thread/ERROR]: ########## GL ERROR ##########
[01:09:34] [Client thread/ERROR]: @ Post render
[01:09:34] [Client thread/ERROR]: 1280: Invalid enum
[01:09:34] [Client thread/ERROR]: ########## GL ERROR ##########
[01:09:34] [Client thread/ERROR]: @ Post render
[01:09:34] [Client thread/ERROR]: 1280: Invalid enum
[01:09:34] [Client thread/ERROR]: ########## GL ERROR ##########
[01:09:34] [Client thread/ERROR]: @ Post render
[01:09:34] [Client thread/ERROR]: 1280: Invalid enum
[01:09:34] [Client thread/ERROR]: ########## GL ERROR ##########
[01:09:34] [Client thread/ERROR]: @ Post render
[01:09:34] [Client thread/ERROR]: 1280: Invalid enum
[01:09:34] [Client thread/ERROR]: ########## GL ERROR ##########
[01:09:34] [Client thread/ERROR]: @ Post render
[01:09:34] [Client thread/ERROR]: 1280: Invalid enum
[01:09:34] [Client thread/ERROR]: ########## GL ERROR ##########
[01:09:34] [Client thread/ERROR]: @ Post render
[01:09:34] [Client thread/ERROR]: 1280: Invalid enum
[01:09:35] [Client thread/ERROR]: ########## GL ERROR ##########
[01:09:35] [Client thread/ERROR]: @ Post render
[01:09:35] [Client thread/ERROR]: 1280: Invalid enum
[01:09:35] [Client thread/ERROR]: ########## GL ERROR ##########
[01:09:35] [Client thread/ERROR]: @ Post render
[01:09:35] [Client thread/ERROR]: 1280: Invalid enum
[01:09:35] [Client thread/ERROR]: ########## GL ERROR ##########
[01:09:35] [Client thread/ERROR]: @ Post render
[01:09:35] [Client thread/ERROR]: 1280: Invalid enum
[01:09:35] [Client thread/ERROR]: ########## GL ERROR ##########
[01:09:35] [Client thread/ERROR]: @ Post render
[01:09:35] [Client thread/ERROR]: 1280: Invalid enum
[01:09:35] [Client thread/ERROR]: ########## GL ERROR ##########
[01:09:35] [Client thread/ERROR]: @ Post render
[01:09:35] [Client thread/ERROR]: 1280: Invalid enum
[01:09:35] [Client thread/ERROR]: ########## GL ERROR ##########
[01:09:35] [Client thread/ERROR]: @ Post render
[01:09:35] [Client thread/ERROR]: 1280: Invalid enum
[01:09:35] [Client thread/ERROR]: ########## GL ERROR ##########
[01:09:35] [Client thread/ERROR]: @ Post render
[01:09:35] [Client thread/ERROR]: 1280: Invalid enum
[01:09:35] [Client thread/ERROR]: ########## GL ERROR ##########
[01:09:35] [Client thread/ERROR]: @ Post render
[01:09:35] [Client thread/ERROR]: 1280: Invalid enum
[01:09:35] [Client thread/ERROR]: ########## GL ERROR ##########
[01:09:35] [Client thread/ERROR]: @ Post render
[01:09:35] [Client thread/ERROR]: 1280: Invalid enum
[01:09:35] [Client thread/ERROR]: ########## GL ERROR ##########
[01:09:35] [Client thread/ERROR]: @ Post render
[01:09:35] [Client thread/ERROR]: 1280: Invalid enum
[01:09:35] [Client thread/ERROR]: ########## GL ERROR ##########
[01:09:35] [Client thread/ERROR]: @ Post render
[01:09:35] [Client thread/ERROR]: 1280: Invalid enum
[01:09:35] [Client thread/ERROR]: ########## GL ERROR ##########
[01:09:35] [Client thread/ERROR]: @ Post render
[01:09:35] [Client thread/ERROR]: 1280: Invalid enum
[01:09:35] [Client thread/ERROR]: ########## GL ERROR ##########
[01:09:35] [Client thread/ERROR]: @ Post render
[01:09:35] [Client thread/ERROR]: 1280: Invalid enum
[01:09:35] [Client thread/ERROR]: ########## GL ERROR ##########
[01:09:35] [Client thread/ERROR]: @ Post render
[01:09:35] [Client thread/ERROR]: 1280: Invalid enum
[01:09:35] [Client thread/ERROR]: ########## GL ERROR ##########
[01:09:35] [Client thread/ERROR]: @ Post render
[01:09:35] [Client thread/ERROR]: 1280: Invalid enum
[01:09:35] [Client thread/ERROR]: ########## GL ERROR ##########
[01:09:35] [Client thread/ERROR]: @ Post render
[01:09:35] [Client thread/ERROR]: 1280: Invalid enum
[01:09:35] [Client thread/ERROR]: ########## GL ERROR ##########
[01:09:35] [Client thread/ERROR]: @ Post render
[01:09:35] [Client thread/ERROR]: 1280: Invalid enum
[01:09:35] [Client thread/ERROR]: ########## GL ERROR ##########
[01:09:35] [Client thread/ERROR]: @ Post render
[01:09:35] [Client thread/ERROR]: 1280: Invalid enum
[01:09:35] [Client thread/ERROR]: ########## GL ERROR ##########
[01:09:35] [Client thread/ERROR]: @ Post render
[01:09:35] [Client thread/ERROR]: 1280: Invalid enum
[01:09:35] [Client thread/ERROR]: ########## GL ERROR ##########
[01:09:35] [Client thread/ERROR]: @ Post render
[01:09:35] [Client thread/ERROR]: 1280: Invalid enum
[01:09:35] [Client thread/ERROR]: ########## GL ERROR ##########
[01:09:35] [Client thread/ERROR]: @ Post render
[01:09:35] [Client thread/ERROR]: 1280: Invalid enum
[01:09:36] [Client thread/ERROR]: ########## GL ERROR ##########
[01:09:36] [Client thread/ERROR]: @ Post render
[01:09:36] [Client thread/ERROR]: 1280: Invalid enum
[01:09:36] [Client thread/ERROR]: ########## GL ERROR ##########
[01:09:36] [Client thread/ERROR]: @ Post render
[01:09:36] [Client thread/ERROR]: 1280: Invalid enum
[01:09:36] [Client thread/ERROR]: ########## GL ERROR ##########
[01:09:36] [Client thread/ERROR]: @ Post render
[01:09:36] [Client thread/ERROR]: 1280: Invalid enum
[01:09:37] [Client thread/ERROR]: ########## GL ERROR ##########
[01:09:37] [Client thread/ERROR]: @ Post render
[01:09:37] [Client thread/ERROR]: 1280: Invalid enum
[01:09:37] [Client thread/ERROR]: ########## GL ERROR ##########
[01:09:37] [Client thread/ERROR]: @ Post render
[01:09:37] [Client thread/ERROR]: 1280: Invalid enum
[01:09:37] [Client thread/ERROR]: ########## GL ERROR ##########
[01:09:37] [Client thread/ERROR]: @ Post render
[01:09:37] [Client thread/ERROR]: 1280: Invalid enum
[01:09:37] [Client thread/ERROR]: ########## GL ERROR ##########
[01:09:37] [Client thread/ERROR]: @ Post render
[01:09:37] [Client thread/ERROR]: 1280: Invalid enum
[01:09:37] [Client thread/ERROR]: ########## GL ERROR ##########
[01:09:37] [Client thread/ERROR]: @ Post render
[01:09:37] [Client thread/ERROR]: 1280: Invalid enum
[01:09:37] [Client thread/ERROR]: ########## GL ERROR ##########
[01:09:37] [Client thread/ERROR]: @ Post render
[01:09:37] [Client thread/ERROR]: 1280: Invalid enum
[01:09:37] [Client thread/ERROR]: ########## GL ERROR ##########
[01:09:37] [Client thread/ERROR]: @ Post render
[01:09:37] [Client thread/ERROR]: 1280: Invalid enum
[01:09:37] [Client thread/ERROR]: ########## GL ERROR ##########
[01:09:37] [Client thread/ERROR]: @ Post render
[01:09:37] [Client thread/ERROR]: 1280: Invalid enum
[01:09:37] [Client thread/ERROR]: ########## GL ERROR ##########
[01:09:37] [Client thread/ERROR]: @ Post render
[01:09:37] [Client thread/ERROR]: 1280: Invalid enum
[01:09:37] [Client thread/ERROR]: ########## GL ERROR ##########
[01:09:37] [Client thread/ERROR]: @ Post render
[01:09:37] [Client thread/ERROR]: 1280: Invalid enum
[01:09:37] [Client thread/ERROR]: ########## GL ERROR ##########
[01:09:37] [Client thread/ERROR]: @ Post render
[01:09:37] [Client thread/ERROR]: 1280: Invalid enum
[01:09:37] [Client thread/ERROR]: ########## GL ERROR ##########
[01:09:37] [Client thread/ERROR]: @ Post render
[01:09:37] [Client thread/ERROR]: 1280: Invalid enum
[01:09:37] [Client thread/ERROR]: ########## GL ERROR ##########
[01:09:37] [Client thread/ERROR]: @ Post render
[01:09:37] [Client thread/ERROR]: 1280: Invalid enum
[01:09:37] [Client thread/ERROR]: ########## GL ERROR ##########
[01:09:37] [Client thread/ERROR]: @ Post render
[01:09:37] [Client thread/ERROR]: 1280: Invalid enum
[01:09:38] [Client thread/ERROR]: ########## GL ERROR ##########
[01:09:38] [Client thread/ERROR]: @ Post render
[01:09:38] [Client thread/ERROR]: 1280: Invalid enum
[01:09:38] [Client thread/ERROR]: ########## GL ERROR ##########
[01:09:38] [Client thread/ERROR]: @ Post render
[01:09:38] [Client thread/ERROR]: 1280: Invalid enum
[01:09:38] [Client thread/ERROR]: ########## GL ERROR ##########
[01:09:38] [Client thread/ERROR]: @ Post render
[01:09:38] [Client thread/ERROR]: 1280: Invalid enum
[01:09:38] [Client thread/ERROR]: ########## GL ERROR ##########
[01:09:38] [Client thread/ERROR]: @ Post render
[01:09:38] [Client thread/ERROR]: 1280: Invalid enum
[01:09:38] [Client thread/ERROR]: ########## GL ERROR ##########
[01:09:38] [Client thread/ERROR]: @ Post render
[01:09:38] [Client thread/ERROR]: 1280: Invalid enum
[01:09:38] [Client thread/ERROR]: ########## GL ERROR ##########
[01:09:38] [Client thread/ERROR]: @ Post render
[01:09:38] [Client thread/ERROR]: 1280: Invalid enum
[01:09:38] [Client thread/ERROR]: ########## GL ERROR ##########
[01:09:38] [Client thread/ERROR]: @ Post render
[01:09:38] [Client thread/ERROR]: 1280: Invalid enum
[01:09:38] [Client thread/ERROR]: ########## GL ERROR ##########
[01:09:38] [Client thread/ERROR]: @ Post render
[01:09:38] [Client thread/ERROR]: 1280: Invalid enum
[01:09:38] [Client thread/ERROR]: ########## GL ERROR ##########
[01:09:38] [Client thread/ERROR]: @ Post render
[01:09:38] [Client thread/ERROR]: 1280: Invalid enum
[01:09:38] [Client thread/ERROR]: ########## GL ERROR ##########
[01:09:38] [Client thread/ERROR]: @ Post render
[01:09:38] [Client thread/ERROR]: 1280: Invalid enum
[01:09:38] [Client thread/ERROR]: ########## GL ERROR ##########
[01:09:38] [Client thread/ERROR]: @ Post render
[01:09:38] [Client thread/ERROR]: 1280: Invalid enum
[01:09:38] [Client thread/ERROR]: ########## GL ERROR ##########
[01:09:38] [Client thread/ERROR]: @ Post render
[01:09:38] [Client thread/ERROR]: 1280: Invalid enum
[01:09:38] [Client thread/ERROR]: ########## GL ERROR ##########
[01:09:38] [Client thread/ERROR]: @ Post render
[01:09:38] [Client thread/ERROR]: 1280: Invalid enum
[01:09:38] [Client thread/ERROR]: ########## GL ERROR ##########
[01:09:38] [Client thread/ERROR]: @ Post render
[01:09:38] [Client thread/ERROR]: 1280: Invalid enum
[01:09:38] [Client thread/ERROR]: ########## GL ERROR ##########
[01:09:38] [Client thread/ERROR]: @ Post render
[01:09:38] [Client thread/ERROR]: 1280: Invalid enum
[01:09:38] [Client thread/ERROR]: ########## GL ERROR ##########
[01:09:38] [Client thread/ERROR]: @ Post render
[01:09:38] [Client thread/ERROR]: 1280: Invalid enum
[01:09:38] [Client thread/ERROR]: ########## GL ERROR ##########
[01:09:38] [Client thread/ERROR]: @ Post render
[01:09:38] [Client thread/ERROR]: 1280: Invalid enum
[01:09:38] [Client thread/ERROR]: ########## GL ERROR ##########
[01:09:38] [Client thread/ERROR]: @ Post render
[01:09:38] [Client thread/ERROR]: 1280: Invalid enum
[01:09:38] [Client thread/ERROR]: ########## GL ERROR ##########
[01:09:38] [Client thread/ERROR]: @ Post render
[01:09:38] [Client thread/ERROR]: 1280: Invalid enum
[01:09:38] [Client thread/ERROR]: ########## GL ERROR ##########
[01:09:38] [Client thread/ERROR]: @ Post render
[01:09:38] [Client thread/ERROR]: 1280: Invalid enum
[01:09:39] [Client thread/ERROR]: ########## GL ERROR ##########
[01:09:39] [Client thread/ERROR]: @ Post render
[01:09:39] [Client thread/ERROR]: 1280: Invalid enum
[01:09:39] [Client thread/ERROR]: ########## GL ERROR ##########
[01:09:39] [Client thread/ERROR]: @ Post render
[01:09:39] [Client thread/ERROR]: 1280: Invalid enum
[01:09:39] [Client thread/ERROR]: ########## GL ERROR ##########
[01:09:39] [Client thread/ERROR]: @ Post render
[01:09:39] [Client thread/ERROR]: 1280: Invalid enum
[01:09:39] [Client thread/ERROR]: ########## GL ERROR ##########
[01:09:39] [Client thread/ERROR]: @ Post render
[01:09:39] [Client thread/ERROR]: 1280: Invalid enum
[01:09:39] [Client thread/ERROR]: ########## GL ERROR ##########
[01:09:39] [Client thread/ERROR]: @ Post render
[01:09:39] [Client thread/ERROR]: 1280: Invalid enum
[01:09:39] [Client thread/ERROR]: ########## GL ERROR ##########
[01:09:39] [Client thread/ERROR]: @ Post render
[01:09:39] [Client thread/ERROR]: 1280: Invalid enum
[01:09:39] [Client thread/ERROR]: ########## GL ERROR ##########
[01:09:39] [Client thread/ERROR]: @ Post render
[01:09:39] [Client thread/ERROR]: 1280: Invalid enum
[01:09:39] [Client thread/ERROR]: ########## GL ERROR ##########
[01:09:39] [Client thread/ERROR]: @ Post render
[01:09:39] [Client thread/ERROR]: 1280: Invalid enum
[01:09:39] [Client thread/ERROR]: ########## GL ERROR ##########
[01:09:39] [Client thread/ERROR]: @ Post render
[01:09:39] [Client thread/ERROR]: 1280: Invalid enum
[01:09:39] [Client thread/ERROR]: ########## GL ERROR ##########
[01:09:39] [Client thread/ERROR]: @ Post render
[01:09:39] [Client thread/ERROR]: 1280: Invalid enum
[01:09:39] [Client thread/ERROR]: ########## GL ERROR ##########
[01:09:39] [Client thread/ERROR]: @ Post render
[01:09:39] [Client thread/ERROR]: 1280: Invalid enum
[01:09:39] [Client thread/ERROR]: ########## GL ERROR ##########
[01:09:39] [Client thread/ERROR]: @ Post render
[01:09:39] [Client thread/ERROR]: 1280: Invalid enum
[01:09:39] [Client thread/ERROR]: ########## GL ERROR ##########
[01:09:39] [Client thread/ERROR]: @ Post render
[01:09:39] [Client thread/ERROR]: 1280: Invalid enum
[01:09:39] [Client thread/ERROR]: ########## GL ERROR ##########
[01:09:39] [Client thread/ERROR]: @ Post render
[01:09:39] [Client thread/ERROR]: 1280: Invalid enum
[01:09:39] [Client thread/ERROR]: ########## GL ERROR ##########
[01:09:39] [Client thread/ERROR]: @ Post render
[01:09:39] [Client thread/ERROR]: 1280: Invalid enum
[01:09:39] [Client thread/ERROR]: ########## GL ERROR ##########
[01:09:39] [Client thread/ERROR]: @ Post render
[01:09:39] [Client thread/ERROR]: 1280: Invalid enum
[01:09:39] [Client thread/ERROR]: ########## GL ERROR ##########
[01:09:39] [Client thread/ERROR]: @ Post render
[01:09:39] [Client thread/ERROR]: 1280: Invalid enum
[01:09:39] [Client thread/ERROR]: ########## GL ERROR ##########
[01:09:39] [Client thread/ERROR]: @ Post render
[01:09:39] [Client thread/ERROR]: 1280: Invalid enum
[01:09:39] [Client thread/ERROR]: ########## GL ERROR ##########
[01:09:39] [Client thread/ERROR]: @ Post render
[01:09:39] [Client thread/ERROR]: 1280: Invalid enum
[01:09:39] [Client thread/ERROR]: ########## GL ERROR ##########
[01:09:39] [Client thread/ERROR]: @ Post render
[01:09:39] [Client thread/ERROR]: 1280: Invalid enum
[01:09:40] [Client thread/ERROR]: ########## GL ERROR ##########
[01:09:40] [Client thread/ERROR]: @ Post render
[01:09:40] [Client thread/ERROR]: 1280: Invalid enum
[01:09:40] [Client thread/ERROR]: ########## GL ERROR ##########
[01:09:40] [Client thread/ERROR]: @ Post render
[01:09:40] [Client thread/ERROR]: 1280: Invalid enum
[01:09:40] [Client thread/ERROR]: ########## GL ERROR ##########
[01:09:40] [Client thread/ERROR]: @ Post render
[01:09:40] [Client thread/ERROR]: 1280: Invalid enum
[01:09:40] [Client thread/ERROR]: ########## GL ERROR ##########
[01:09:40] [Client thread/ERROR]: @ Post render
[01:09:40] [Client thread/ERROR]: 1280: Invalid enum
[01:09:40] [Client thread/ERROR]: ########## GL ERROR ##########
[01:09:40] [Client thread/ERROR]: @ Post render
[01:09:40] [Client thread/ERROR]: 1280: Invalid enum
[01:09:40] [Client thread/ERROR]: ########## GL ERROR ##########
[01:09:40] [Client thread/ERROR]: @ Post render
[01:09:40] [Client thread/ERROR]: 1280: Invalid enum
[01:09:40] [Client thread/ERROR]: ########## GL ERROR ##########
[01:09:40] [Client thread/ERROR]: @ Post render
[01:09:40] [Client thread/ERROR]: 1280: Invalid enum
[01:09:40] [Client thread/ERROR]: ########## GL ERROR ##########
[01:09:40] [Client thread/ERROR]: @ Post render
[01:09:40] [Client thread/ERROR]: 1280: Invalid enum
[01:09:40] [Client thread/ERROR]: ########## GL ERROR ##########
[01:09:40] [Client thread/ERROR]: @ Post render
[01:09:40] [Client thread/ERROR]: 1280: Invalid enum
[01:09:40] [Client thread/ERROR]: ########## GL ERROR ##########
[01:09:40] [Client thread/ERROR]: @ Post render
[01:09:40] [Client thread/ERROR]: 1280: Invalid enum
[01:09:40] [Client thread/ERROR]: ########## GL ERROR ##########
[01:09:40] [Client thread/ERROR]: @ Post render
[01:09:40] [Client thread/ERROR]: 1280: Invalid enum
[01:09:40] [Client thread/ERROR]: ########## GL ERROR ##########
[01:09:40] [Client thread/ERROR]: @ Post render
[01:09:40] [Client thread/ERROR]: 1280: Invalid enum
[01:09:40] [Client thread/ERROR]: ########## GL ERROR ##########
[01:09:40] [Client thread/ERROR]: @ Post render
[01:09:40] [Client thread/ERROR]: 1280: Invalid enum
[01:09:40] [Client thread/ERROR]: ########## GL ERROR ##########
[01:09:40] [Client thread/ERROR]: @ Post render
[01:09:40] [Client thread/ERROR]: 1280: Invalid enum
[01:09:40] [Client thread/ERROR]: ########## GL ERROR ##########
[01:09:40] [Client thread/ERROR]: @ Post render
[01:09:40] [Client thread/ERROR]: 1280: Invalid enum
[01:09:40] [Client thread/ERROR]: ########## GL ERROR ##########
[01:09:40] [Client thread/ERROR]: @ Post render
[01:09:40] [Client thread/ERROR]: 1280: Invalid enum
[01:09:40] [Client thread/ERROR]: ########## GL ERROR ##########
[01:09:40] [Client thread/ERROR]: @ Post render
[01:09:40] [Client thread/ERROR]: 1280: Invalid enum
[01:09:40] [Client thread/ERROR]: ########## GL ERROR ##########
[01:09:40] [Client thread/ERROR]: @ Post render
[01:09:40] [Client thread/ERROR]: 1280: Invalid enum
[01:09:40] [Client thread/ERROR]: ########## GL ERROR ##########
[01:09:40] [Client thread/ERROR]: @ Post render
[01:09:40] [Client thread/ERROR]: 1280: Invalid enum
[01:09:40] [Client thread/ERROR]: ########## GL ERROR ##########
[01:09:40] [Client thread/ERROR]: @ Post render
[01:09:40] [Client thread/ERROR]: 1280: Invalid enum
[01:09:41] [Client thread/ERROR]: ########## GL ERROR ##########
[01:09:41] [Client thread/ERROR]: @ Post render
[01:09:41] [Client thread/ERROR]: 1280: Invalid enum
[01:09:41] [Client thread/ERROR]: ########## GL ERROR ##########
[01:09:41] [Client thread/ERROR]: @ Post render
[01:09:41] [Client thread/ERROR]: 1280: Invalid enum
[01:09:41] [Client thread/ERROR]: ########## GL ERROR ##########
[01:09:41] [Client thread/ERROR]: @ Post render
[01:09:41] [Client thread/ERROR]: 1280: Invalid enum
[01:09:41] [Client thread/ERROR]: ########## GL ERROR ##########
[01:09:41] [Client thread/ERROR]: @ Post render
[01:09:41] [Client thread/ERROR]: 1280: Invalid enum
[01:09:41] [Client thread/ERROR]: ########## GL ERROR ##########
[01:09:41] [Client thread/ERROR]: @ Post render
[01:09:41] [Client thread/ERROR]: 1280: Invalid enum
[01:09:41] [Client thread/ERROR]: ########## GL ERROR ##########
[01:09:41] [Client thread/ERROR]: @ Post render
[01:09:41] [Client thread/ERROR]: 1280: Invalid enum
[01:09:41] [Client thread/ERROR]: ########## GL ERROR ##########
[01:09:41] [Client thread/ERROR]: @ Post render
[01:09:41] [Client thread/ERROR]: 1280: Invalid enum
[01:09:41] [Client thread/ERROR]: ########## GL ERROR ##########
[01:09:41] [Client thread/ERROR]: @ Post render
[01:09:41] [Client thread/ERROR]: 1280: Invalid enum
[01:09:41] [Client thread/ERROR]: ########## GL ERROR ##########
[01:09:41] [Client thread/ERROR]: @ Post render
[01:09:41] [Client thread/ERROR]: 1280: Invalid enum
[01:09:41] [Client thread/ERROR]: ########## GL ERROR ##########
[01:09:41] [Client thread/ERROR]: @ Post render
[01:09:41] [Client thread/ERROR]: 1280: Invalid enum
[01:09:41] [Client thread/ERROR]: ########## GL ERROR ##########
[01:09:41] [Client thread/ERROR]: @ Post render
[01:09:41] [Client thread/ERROR]: 1280: Invalid enum
[01:09:41] [Client thread/ERROR]: ########## GL ERROR ##########
[01:09:41] [Client thread/ERROR]: @ Post render
[01:09:41] [Client thread/ERROR]: 1280: Invalid enum
[01:09:41] [Client thread/ERROR]: ########## GL ERROR ##########
[01:09:41] [Client thread/ERROR]: @ Post render
[01:09:41] [Client thread/ERROR]: 1280: Invalid enum
[01:09:41] [Client thread/ERROR]: ########## GL ERROR ##########
[01:09:41] [Client thread/ERROR]: @ Post render
[01:09:41] [Client thread/ERROR]: 1280: Invalid enum
[01:09:41] [Client thread/ERROR]: ########## GL ERROR ##########
[01:09:41] [Client thread/ERROR]: @ Post render
[01:09:41] [Client thread/ERROR]: 1280: Invalid enum
[01:09:41] [Client thread/ERROR]: ########## GL ERROR ##########
[01:09:41] [Client thread/ERROR]: @ Post render
[01:09:41] [Client thread/ERROR]: 1280: Invalid enum
[01:09:41] [Client thread/ERROR]: ########## GL ERROR ##########
[01:09:41] [Client thread/ERROR]: @ Post render
[01:09:41] [Client thread/ERROR]: 1280: Invalid enum
[01:09:41] [Client thread/ERROR]: ########## GL ERROR ##########
[01:09:41] [Client thread/ERROR]: @ Post render
[01:09:41] [Client thread/ERROR]: 1280: Invalid enum
[01:09:41] [Client thread/ERROR]: ########## GL ERROR ##########
[01:09:41] [Client thread/ERROR]: @ Post render
[01:09:41] [Client thread/ERROR]: 1280: Invalid enum
[01:09:41] [Client thread/ERROR]: ########## GL ERROR ##########
[01:09:41] [Client thread/ERROR]: @ Post render
[01:09:41] [Client thread/ERROR]: 1280: Invalid enum
[01:09:41] [Client thread/ERROR]: ########## GL ERROR ##########
[01:09:41] [Client thread/ERROR]: @ Post render
[01:09:41] [Client thread/ERROR]: 1280: Invalid enum
[01:09:41] [Client thread/ERROR]: ########## GL ERROR ##########
[01:09:41] [Client thread/ERROR]: @ Post render
[01:09:41] [Client thread/ERROR]: 1280: Invalid enum
[01:09:42] [Client thread/ERROR]: ########## GL ERROR ##########
[01:09:42] [Client thread/ERROR]: @ Post render
[01:09:42] [Client thread/ERROR]: 1280: Invalid enum
[01:09:42] [Client thread/ERROR]: ########## GL ERROR ##########
[01:09:42] [Client thread/ERROR]: @ Post render
[01:09:42] [Client thread/ERROR]: 1280: Invalid enum
[01:09:42] [Client thread/ERROR]: ########## GL ERROR ##########
[01:09:42] [Client thread/ERROR]: @ Post render
[01:09:42] [Client thread/ERROR]: 1280: Invalid enum
[01:09:42] [Client thread/ERROR]: ########## GL ERROR ##########
[01:09:42] [Client thread/ERROR]: @ Post render
[01:09:42] [Client thread/ERROR]: 1280: Invalid enum
[01:09:42] [Client thread/ERROR]: ########## GL ERROR ##########
[01:09:42] [Client thread/ERROR]: @ Post render
[01:09:42] [Client thread/ERROR]: 1280: Invalid enum
[01:09:42] [Client thread/ERROR]: ########## GL ERROR ##########
[01:09:42] [Client thread/ERROR]: @ Post render
[01:09:42] [Client thread/ERROR]: 1280: Invalid enum
[01:09:42] [Client thread/ERROR]: ########## GL ERROR ##########
[01:09:42] [Client thread/ERROR]: @ Post render
[01:09:42] [Client thread/ERROR]: 1280: Invalid enum
[01:09:42] [Client thread/ERROR]: ########## GL ERROR ##########
[01:09:42] [Client thread/ERROR]: @ Post render
[01:09:42] [Client thread/ERROR]: 1280: Invalid enum
[01:09:42] [Client thread/ERROR]: ########## GL ERROR ##########
[01:09:42] [Client thread/ERROR]: @ Post render
[01:09:42] [Client thread/ERROR]: 1280: Invalid enum
[01:09:42] [Client thread/ERROR]: ########## GL ERROR ##########
[01:09:42] [Client thread/ERROR]: @ Post render
[01:09:42] [Client thread/ERROR]: 1280: Invalid enum
[01:09:42] [Client thread/ERROR]: ########## GL ERROR ##########
[01:09:42] [Client thread/ERROR]: @ Post render
[01:09:42] [Client thread/ERROR]: 1280: Invalid enum
[01:09:42] [Client thread/ERROR]: ########## GL ERROR ##########
[01:09:42] [Client thread/ERROR]: @ Post render
[01:09:42] [Client thread/ERROR]: 1280: Invalid enum
[01:09:42] [Client thread/ERROR]: ########## GL ERROR ##########
[01:09:42] [Client thread/ERROR]: @ Post render
[01:09:42] [Client thread/ERROR]: 1280: Invalid enum
[01:09:42] [Client thread/ERROR]: ########## GL ERROR ##########
[01:09:42] [Client thread/ERROR]: @ Post render
[01:09:42] [Client thread/ERROR]: 1280: Invalid enum
[01:09:42] [Client thread/ERROR]: ########## GL ERROR ##########
[01:09:42] [Client thread/ERROR]: @ Post render
[01:09:42] [Client thread/ERROR]: 1280: Invalid enum
[01:09:42] [Client thread/ERROR]: ########## GL ERROR ##########
[01:09:42] [Client thread/ERROR]: @ Post render
[01:09:42] [Client thread/ERROR]: 1280: Invalid enum
[01:09:42] [Client thread/ERROR]: ########## GL ERROR ##########
[01:09:42] [Client thread/ERROR]: @ Post render
[01:09:42] [Client thread/ERROR]: 1280: Invalid enum
[01:09:42] [Client thread/ERROR]: ########## GL ERROR ##########
[01:09:42] [Client thread/ERROR]: @ Post render
[01:09:42] [Client thread/ERROR]: 1280: Invalid enum
[01:09:42] [Client thread/ERROR]: ########## GL ERROR ##########
[01:09:42] [Client thread/ERROR]: @ Post render
[01:09:42] [Client thread/ERROR]: 1280: Invalid enum
[01:09:42] [Client thread/ERROR]: ########## GL ERROR ##########
[01:09:42] [Client thread/ERROR]: @ Post render
[01:09:42] [Client thread/ERROR]: 1280: Invalid enum
[01:09:42] [Client thread/ERROR]: ########## GL ERROR ##########
[01:09:42] [Client thread/ERROR]: @ Post render
[01:09:42] [Client thread/ERROR]: 1280: Invalid enum
[01:09:42] [Client thread/ERROR]: ########## GL ERROR ##########
[01:09:42] [Client thread/ERROR]: @ Post render
[01:09:42] [Client thread/ERROR]: 1280: Invalid enum
[01:09:42] [Client thread/ERROR]: ########## GL ERROR ##########
[01:09:42] [Client thread/ERROR]: @ Post render
[01:09:42] [Client thread/ERROR]: 1280: Invalid enum
[01:09:43] [Client thread/ERROR]: ########## GL ERROR ##########
[01:09:43] [Client thread/ERROR]: @ Post render
[01:09:43] [Client thread/ERROR]: 1280: Invalid enum
[01:09:43] [Client thread/ERROR]: ########## GL ERROR ##########
[01:09:43] [Client thread/ERROR]: @ Post render
[01:09:43] [Client thread/ERROR]: 1280: Invalid enum
[01:09:43] [Client thread/ERROR]: ########## GL ERROR ##########
[01:09:43] [Client thread/ERROR]: @ Post render
[01:09:43] [Client thread/ERROR]: 1280: Invalid enum
[01:09:43] [Client thread/ERROR]: ########## GL ERROR ##########
[01:09:43] [Client thread/ERROR]: @ Post render
[01:09:43] [Client thread/ERROR]: 1280: Invalid enum
[01:09:43] [Client thread/ERROR]: ########## GL ERROR ##########
[01:09:43] [Client thread/ERROR]: @ Post render
[01:09:43] [Client thread/ERROR]: 1280: Invalid enum
[01:09:43] [Client thread/ERROR]: ########## GL ERROR ##########
[01:09:43] [Client thread/ERROR]: @ Post render
[01:09:43] [Client thread/ERROR]: 1280: Invalid enum
[01:09:43] [Client thread/ERROR]: ########## GL ERROR ##########
[01:09:43] [Client thread/ERROR]: @ Post render
[01:09:43] [Client thread/ERROR]: 1280: Invalid enum
[01:09:43] [Client thread/ERROR]: ########## GL ERROR ##########
[01:09:43] [Client thread/ERROR]: @ Post render
[01:09:43] [Client thread/ERROR]: 1280: Invalid enum
[01:09:43] [Client thread/ERROR]: ########## GL ERROR ##########
[01:09:43] [Client thread/ERROR]: @ Post render
[01:09:43] [Client thread/ERROR]: 1280: Invalid enum
[01:09:43] [Client thread/ERROR]: ########## GL ERROR ##########
[01:09:43] [Client thread/ERROR]: @ Post render
[01:09:43] [Client thread/ERROR]: 1280: Invalid enum
[01:09:43] [Client thread/ERROR]: ########## GL ERROR ##########
[01:09:43] [Client thread/ERROR]: @ Post render
[01:09:43] [Client thread/ERROR]: 1280: Invalid enum
[01:09:43] [Client thread/ERROR]: ########## GL ERROR ##########
[01:09:43] [Client thread/ERROR]: @ Post render
[01:09:43] [Client thread/ERROR]: 1280: Invalid enum
[01:09:43] [Client thread/ERROR]: ########## GL ERROR ##########
[01:09:43] [Client thread/ERROR]: @ Post render
[01:09:43] [Client thread/ERROR]: 1280: Invalid enum
[01:09:43] [Client thread/ERROR]: ########## GL ERROR ##########
[01:09:43] [Client thread/ERROR]: @ Post render
[01:09:43] [Client thread/ERROR]: 1280: Invalid enum
[01:09:43] [Client thread/ERROR]: ########## GL ERROR ##########
[01:09:43] [Client thread/ERROR]: @ Post render
[01:09:43] [Client thread/ERROR]: 1280: Invalid enum
[01:09:43] [Client thread/ERROR]: ########## GL ERROR ##########
[01:09:43] [Client thread/ERROR]: @ Post render
[01:09:43] [Client thread/ERROR]: 1280: Invalid enum
[01:09:43] [Client thread/ERROR]: ########## GL ERROR ##########
[01:09:43] [Client thread/ERROR]: @ Post render
[01:09:43] [Client thread/ERROR]: 1280: Invalid enum
[01:09:43] [Client thread/ERROR]: ########## GL ERROR ##########
[01:09:43] [Client thread/ERROR]: @ Post render
[01:09:43] [Client thread/ERROR]: 1280: Invalid enum
[01:09:43] [Client thread/ERROR]: ########## GL ERROR ##########
[01:09:43] [Client thread/ERROR]: @ Post render
[01:09:43] [Client thread/ERROR]: 1280: Invalid enum
[01:09:43] [Client thread/ERROR]: ########## GL ERROR ##########
[01:09:43] [Client thread/ERROR]: @ Post render
[01:09:43] [Client thread/ERROR]: 1280: Invalid enum
[01:09:47] [Client thread/ERROR]: ########## GL ERROR ##########
[01:09:47] [Client thread/ERROR]: @ Post render
[01:09:47] [Client thread/ERROR]: 1280: Invalid enum
[01:09:48] [Client thread/ERROR]: ########## GL ERROR ##########
[01:09:48] [Client thread/ERROR]: @ Post render
[01:09:48] [Client thread/ERROR]: 1280: Invalid enum
[01:09:48] [Client thread/ERROR]: ########## GL ERROR ##########
[01:09:48] [Client thread/ERROR]: @ Post render
[01:09:48] [Client thread/ERROR]: 1280: Invalid enum
[01:09:48] [Client thread/ERROR]: ########## GL ERROR ##########
[01:09:48] [Client thread/ERROR]: @ Post render
[01:09:48] [Client thread/ERROR]: 1280: Invalid enum
[01:09:48] [Client thread/ERROR]: ########## GL ERROR ##########
[01:09:48] [Client thread/ERROR]: @ Post render
[01:09:48] [Client thread/ERROR]: 1280: Invalid enum
[01:09:48] [Client thread/ERROR]: ########## GL ERROR ##########
[01:09:48] [Client thread/ERROR]: @ Post render
[01:09:48] [Client thread/ERROR]: 1280: Invalid enum
[01:09:48] [Client thread/ERROR]: ########## GL ERROR ##########
[01:09:48] [Client thread/ERROR]: @ Post render
[01:09:48] [Client thread/ERROR]: 1280: Invalid enum
[01:09:48] [Client thread/ERROR]: ########## GL ERROR ##########
[01:09:48] [Client thread/ERROR]: @ Post render
[01:09:48] [Client thread/ERROR]: 1280: Invalid enum
[01:09:48] [Client thread/ERROR]: ########## GL ERROR ##########
[01:09:48] [Client thread/ERROR]: @ Post render
[01:09:48] [Client thread/ERROR]: 1280: Invalid enum
[01:09:48] [Client thread/ERROR]: ########## GL ERROR ##########
[01:09:48] [Client thread/ERROR]: @ Post render
[01:09:48] [Client thread/ERROR]: 1280: Invalid enum
[01:09:48] [Client thread/ERROR]: ########## GL ERROR ##########
[01:09:48] [Client thread/ERROR]: @ Post render
[01:09:48] [Client thread/ERROR]: 1280: Invalid enum
[01:09:48] [Client thread/ERROR]: ########## GL ERROR ##########
[01:09:48] [Client thread/ERROR]: @ Post render
[01:09:48] [Client thread/ERROR]: 1280: Invalid enum
[01:09:48] [Client thread/ERROR]: ########## GL ERROR ##########
[01:09:48] [Client thread/ERROR]: @ Post render
[01:09:48] [Client thread/ERROR]: 1280: Invalid enum
[01:09:48] [Client thread/ERROR]: ########## GL ERROR ##########
[01:09:48] [Client thread/ERROR]: @ Post render
[01:09:48] [Client thread/ERROR]: 1280: Invalid enum
[01:09:48] [Client thread/ERROR]: ########## GL ERROR ##########
[01:09:48] [Client thread/ERROR]: @ Post render
[01:09:48] [Client thread/ERROR]: 1280: Invalid enum
[01:09:48] [Client thread/ERROR]: ########## GL ERROR ##########
[01:09:48] [Client thread/ERROR]: @ Post render
[01:09:48] [Client thread/ERROR]: 1280: Invalid enum
[01:09:48] [Client thread/ERROR]: ########## GL ERROR ##########
[01:09:48] [Client thread/ERROR]: @ Post render
[01:09:48] [Client thread/ERROR]: 1280: Invalid enum
[01:09:48] [Client thread/ERROR]: ########## GL ERROR ##########
[01:09:48] [Client thread/ERROR]: @ Post render
[01:09:48] [Client thread/ERROR]: 1280: Invalid enum
[01:09:48] [Client thread/ERROR]: ########## GL ERROR ##########
[01:09:48] [Client thread/ERROR]: @ Post render
[01:09:48] [Client thread/ERROR]: 1280: Invalid enum
[01:09:48] [Client thread/ERROR]: ########## GL ERROR ##########
[01:09:48] [Client thread/ERROR]: @ Post render
[01:09:48] [Client thread/ERROR]: 1280: Invalid enum
[01:09:49] [Client thread/ERROR]: ########## GL ERROR ##########
[01:09:49] [Client thread/ERROR]: @ Post render
[01:09:49] [Client thread/ERROR]: 1280: Invalid enum
[01:09:49] [Client thread/ERROR]: ########## GL ERROR ##########
[01:09:49] [Client thread/ERROR]: @ Post render
[01:09:49] [Client thread/ERROR]: 1280: Invalid enum
[01:09:49] [Client thread/ERROR]: ########## GL ERROR ##########
[01:09:49] [Client thread/ERROR]: @ Post render
[01:09:49] [Client thread/ERROR]: 1280: Invalid enum
[01:09:49] [Client thread/ERROR]: ########## GL ERROR ##########
[01:09:49] [Client thread/ERROR]: @ Post render
[01:09:49] [Client thread/ERROR]: 1280: Invalid enum
[01:09:49] [Client thread/ERROR]: ########## GL ERROR ##########
[01:09:49] [Client thread/ERROR]: @ Post render
[01:09:49] [Client thread/ERROR]: 1280: Invalid enum
[01:20:09] [Server thread/INFO]: Saving and pausing game...
[01:20:09] [Server thread/INFO]: Saving chunks for level 'yare yare dawa'/Overworld
[01:20:09] [Server thread/INFO]: Saving chunks for level 'yare yare dawa'/Nether
[01:20:09] [Server thread/INFO]: Saving chunks for level 'yare yare dawa'/The End
[01:20:10] [Server thread/INFO]: Stopping server
[01:20:10] [Server thread/INFO]: Saving players
[01:20:10] [Server thread/INFO]: Saving worlds
[01:20:10] [Server thread/INFO]: Saving chunks for level 'yare yare dawa'/Overworld
[01:20:10] [Server thread/INFO]: Saving chunks for level 'yare yare dawa'/Nether
[01:20:10] [Server thread/INFO]: Saving chunks for level 'yare yare dawa'/The End
[01:20:12] [Client thread/INFO]: Stopping!
